<?xml version="1.0" encoding="UTF-8"?>
<!-- Generated by org.testng.reporters.JUnitXMLReporter -->
<testsuite ignored="0" hostname="ISTN13515" failures="0" tests="6" name="Mytest" time="16.744" errors="0" timestamp="2024-02-26T14:22:03 TRT">
  <testcase classname="day34.SecondTest" name="openApp" time="12.074"/>
  <testcase classname="day34.SecondTest" name="login" time="3.357"/>
  <testcase classname="day34.SecondTest" name="closeApp" time="1.219"/>
  <testcase classname="day34.ThirdTestCase" name="test1" time="0.001"/>
  <testcase classname="day34.ThirdTestCase" name="test2" time="0.0"/>
  <testcase classname="day34.ThirdTestCase" name="test3" time="0.001"/>
</testsuite> <!-- Mytest -->
