<?xml version="1.0" encoding="UTF-8"?>
<!-- Generated by org.testng.reporters.JUnitXMLReporter -->
<testsuite ignored="0" hostname="ISTN13515" failures="1" tests="3" name="Deneme" time="0.094" errors="0" timestamp="2024-02-26T18:10:51 TRT">
  <testcase classname="TestNG.day38.MyTest" name="test1" time="0.012"/>
  <testcase classname="TestNG.day38.MyTest" name="test2" time="0.011">
    <failure type="java.lang.AssertionError" message="expected [B] but found [A]">
      <![CDATA[java.lang.AssertionError: expected [B] but found [A]
at TestNG.day38.MyTest.test2(MyTest.java:17)
at java.base/java.util.ArrayList.forEach(ArrayList.java:1511)
at com.intellij.rt.testng.IDEARemoteTestNG.run(IDEARemoteTestNG.java:65)
at com.intellij.rt.testng.RemoteTestNGStarter.main(RemoteTestNGStarter.java:105)
... Removed 30 stack frames]]>
    </failure>
  </testcase> <!-- test2 -->
  <testcase classname="TestNG.day38.MyTest" name="test3" time="0.0">
    <skipped/>
  </testcase> <!-- test3 -->
</testsuite> <!-- Deneme -->
