<?xml version="1.0" encoding="UTF-8"?>
<testng-results ignored="0" total="3" passed="3" failed="0" skipped="0">
  <reporter-output>
  </reporter-output>
  <suite started-at="2024-02-27T15:32:24 TRT" name="Default Suite" finished-at="2024-02-27T15:32:24 TRT" duration-ms="76">
    <groups>
    </groups>
    <test started-at="2024-02-27T15:32:24 TRT" name="Deneme" finished-at="2024-02-27T15:32:24 TRT" duration-ms="76">
      <class name="TestNG.day34.FirstTest">
        <test-method signature="openapp()[pri:1, instance:TestNG.day34.FirstTest@2cbb3d47]" started-at="2024-02-27T15:32:24 TRT" name="openapp" finished-at="2024-02-27T15:32:24 TRT" duration-ms="10" status="PASS">
          <reporter-output>
          </reporter-output>
        </test-method> <!-- openapp -->
        <test-method signature="login()[pri:20, instance:TestNG.day34.FirstTest@2cbb3d47]" started-at="2024-02-27T15:32:24 TRT" name="login" finished-at="2024-02-27T15:32:24 TRT" duration-ms="1" status="PASS">
          <reporter-output>
          </reporter-output>
        </test-method> <!-- login -->
        <test-method signature="logout()[pri:50, instance:TestNG.day34.FirstTest@2cbb3d47]" started-at="2024-02-27T15:32:24 TRT" name="logout" finished-at="2024-02-27T15:32:24 TRT" duration-ms="0" status="PASS">
          <reporter-output>
          </reporter-output>
        </test-method> <!-- logout -->
      </class> <!-- TestNG.day34.FirstTest -->
    </test> <!-- Deneme -->
  </suite> <!-- Default Suite -->
</testng-results>
